<?xml version="1.0" encoding="UTF-8"?>
<coverage generated="1558694658135" clover="3.2.0">
  <project timestamp="1558694658135" name="All files">
    <metrics statements="60" coveredstatements="44" conditionals="10" coveredconditionals="7" methods="16" coveredmethods="8" elements="86" coveredelements="59" complexity="0" loc="60" ncloc="60" packages="3" files="4" classes="4"/>
    <package name="src">
      <metrics statements="35" coveredstatements="19" conditionals="4" coveredconditionals="1" methods="13" coveredmethods="5"/>
      <file name="index.js" path="/Users/dahamp/Documents/private/projects/node-libraries/ssm-get-jsonified-repo/ssm-get-jsonified/src/index.js">
        <metrics statements="19" coveredstatements="9" conditionals="2" coveredconditionals="1" methods="9" coveredmethods="3"/>
        <line num="1" count="1" type="stmt"/>
        <line num="2" count="1" type="stmt"/>
        <line num="4" count="1" type="stmt"/>
        <line num="6" count="4" type="cond" truecount="1" falsecount="1"/>
        <line num="7" count="4" type="stmt"/>
        <line num="8" count="4" type="stmt"/>
        <line num="10" count="4" type="stmt"/>
        <line num="13" count="0" type="stmt"/>
        <line num="18" count="0" type="stmt"/>
        <line num="20" count="0" type="stmt"/>
        <line num="22" count="0" type="stmt"/>
        <line num="25" count="1" type="stmt"/>
        <line num="26" count="0" type="stmt"/>
        <line num="28" count="0" type="stmt"/>
        <line num="29" count="0" type="stmt"/>
        <line num="30" count="0" type="stmt"/>
        <line num="32" count="0" type="stmt"/>
        <line num="33" count="0" type="stmt"/>
        <line num="36" count="1" type="stmt"/>
      </file>
      <file name="ssmReader.js" path="/Users/dahamp/Documents/private/projects/node-libraries/ssm-get-jsonified-repo/ssm-get-jsonified/src/ssmReader.js">
        <metrics statements="16" coveredstatements="10" conditionals="2" coveredconditionals="0" methods="4" coveredmethods="2"/>
        <line num="1" count="2" type="stmt"/>
        <line num="3" count="2" type="stmt"/>
        <line num="5" count="5" type="stmt"/>
        <line num="6" count="5" type="stmt"/>
        <line num="8" count="5" type="stmt"/>
        <line num="10" count="5" type="stmt"/>
        <line num="12" count="5" type="stmt"/>
        <line num="13" count="5" type="stmt"/>
        <line num="19" count="2" type="stmt"/>
        <line num="21" count="0" type="stmt"/>
        <line num="22" count="0" type="stmt"/>
        <line num="24" count="0" type="stmt"/>
        <line num="26" count="0" type="stmt"/>
        <line num="27" count="0" type="cond" truecount="0" falsecount="2"/>
        <line num="28" count="0" type="stmt"/>
        <line num="33" count="2" type="stmt"/>
      </file>
    </package>
    <package name="src.utils">
      <metrics statements="19" coveredstatements="19" conditionals="6" coveredconditionals="6" methods="3" coveredmethods="3"/>
      <file name="jsonifier.js" path="/Users/dahamp/Documents/private/projects/node-libraries/ssm-get-jsonified-repo/ssm-get-jsonified/src/utils/jsonifier.js">
        <metrics statements="19" coveredstatements="19" conditionals="6" coveredconditionals="6" methods="3" coveredmethods="3"/>
        <line num="1" count="1" type="stmt"/>
        <line num="4" count="1" type="stmt"/>
        <line num="5" count="79" type="stmt"/>
        <line num="7" count="79" type="cond" truecount="2" falsecount="0"/>
        <line num="8" count="20" type="stmt"/>
        <line num="9" count="20" type="stmt"/>
        <line num="11" count="59" type="cond" truecount="2" falsecount="0"/>
        <line num="12" count="15" type="stmt"/>
        <line num="14" count="59" type="stmt"/>
        <line num="15" count="59" type="stmt"/>
        <line num="18" count="1" type="stmt"/>
        <line num="19" count="4" type="cond" truecount="2" falsecount="0"/>
        <line num="21" count="4" type="stmt"/>
        <line num="22" count="20" type="stmt"/>
        <line num="23" count="20" type="stmt"/>
        <line num="24" count="20" type="stmt"/>
        <line num="25" count="20" type="stmt"/>
        <line num="28" count="4" type="stmt"/>
        <line num="32" count="1" type="stmt"/>
      </file>
    </package>
    <package name="test">
      <metrics statements="6" coveredstatements="6" conditionals="0" coveredconditionals="0" methods="0" coveredmethods="0"/>
      <file name="testConstants.js" path="/Users/dahamp/Documents/private/projects/node-libraries/ssm-get-jsonified-repo/ssm-get-jsonified/test/testConstants.js">
        <metrics statements="6" coveredstatements="6" conditionals="0" coveredconditionals="0" methods="0" coveredmethods="0"/>
        <line num="1" count="2" type="stmt"/>
        <line num="45" count="2" type="stmt"/>
        <line num="89" count="2" type="stmt"/>
        <line num="133" count="2" type="stmt"/>
        <line num="134" count="2" type="stmt"/>
        <line num="135" count="2" type="stmt"/>
      </file>
    </package>
  </project>
</coverage>
