{"/Users/dahamp/Documents/private/projects/node-libraries/ssm-get-jsonified-repo/ssm-get-jsonified/src/index.js": {"path":"/Users/dahamp/Documents/private/projects/node-libraries/ssm-get-jsonified-repo/ssm-get-jsonified/src/index.js","statementMap":{"0":{"start":{"line":1,"column":18},"end":{"line":1,"column":40}},"1":{"start":{"line":2,"column":18},"end":{"line":2,"column":37}},"2":{"start":{"line":3,"column":18},"end":{"line":3,"column":46}},"3":{"start":{"line":5,"column":29},"end":{"line":26,"column":1}},"4":{"start":{"line":7,"column":4},"end":{"line":25,"column":5}},"5":{"start":{"line":8,"column":8},"end":{"line":16,"column":11}},"6":{"start":{"line":9,"column":12},"end":{"line":15,"column":18}},"7":{"start":{"line":11,"column":20},"end":{"line":11,"column":75}},"8":{"start":{"line":14,"column":20},"end":{"line":14,"column":43}},"9":{"start":{"line":18,"column":8},"end":{"line":24,"column":14}},"10":{"start":{"line":20,"column":16},"end":{"line":20,"column":85}},"11":{"start":{"line":23,"column":16},"end":{"line":23,"column":54}},"12":{"start":{"line":28,"column":28},"end":{"line":37,"column":1}},"13":{"start":{"line":29,"column":15},"end":{"line":29,"column":20}},"14":{"start":{"line":31,"column":4},"end":{"line":34,"column":7}},"15":{"start":{"line":32,"column":8},"end":{"line":32,"column":60}},"16":{"start":{"line":33,"column":8},"end":{"line":33,"column":20}},"17":{"start":{"line":35,"column":4},"end":{"line":35,"column":63}},"18":{"start":{"line":35,"column":46},"end":{"line":35,"column":59}},"19":{"start":{"line":36,"column":4},"end":{"line":36,"column":16}},"20":{"start":{"line":39,"column":0},"end":{"line":42,"column":2}},"21":{"start":{"line":44,"column":0},"end":{"line":44,"column":20}},"22":{"start":{"line":45,"column":0},"end":{"line":51,"column":6}},"23":{"start":{"line":47,"column":8},"end":{"line":47,"column":26}},"24":{"start":{"line":50,"column":8},"end":{"line":50,"column":24}},"25":{"start":{"line":61,"column":0},"end":{"line":61,"column":18}}},"fnMap":{"0":{"name":"(anonymous_0)","decl":{"start":{"line":5,"column":29},"end":{"line":5,"column":30}},"loc":{"start":{"line":5,"column":63},"end":{"line":26,"column":1}},"line":5},"1":{"name":"(anonymous_1)","decl":{"start":{"line":8,"column":27},"end":{"line":8,"column":28}},"loc":{"start":{"line":8,"column":48},"end":{"line":16,"column":9}},"line":8},"2":{"name":"(anonymous_2)","decl":{"start":{"line":10,"column":22},"end":{"line":10,"column":23}},"loc":{"start":{"line":10,"column":30},"end":{"line":12,"column":17}},"line":10},"3":{"name":"(anonymous_3)","decl":{"start":{"line":13,"column":23},"end":{"line":13,"column":24}},"loc":{"start":{"line":13,"column":30},"end":{"line":15,"column":17}},"line":13},"4":{"name":"(anonymous_4)","decl":{"start":{"line":19,"column":18},"end":{"line":19,"column":19}},"loc":{"start":{"line":19,"column":26},"end":{"line":21,"column":13}},"line":19},"5":{"name":"(anonymous_5)","decl":{"start":{"line":22,"column":19},"end":{"line":22,"column":20}},"loc":{"start":{"line":22,"column":26},"end":{"line":24,"column":13}},"line":22},"6":{"name":"(anonymous_6)","decl":{"start":{"line":28,"column":28},"end":{"line":28,"column":29}},"loc":{"start":{"line":28,"column":52},"end":{"line":37,"column":1}},"line":28},"7":{"name":"cb","decl":{"start":{"line":31,"column":64},"end":{"line":31,"column":66}},"loc":{"start":{"line":31,"column":72},"end":{"line":34,"column":5}},"line":31},"8":{"name":"(anonymous_8)","decl":{"start":{"line":35,"column":33},"end":{"line":35,"column":34}},"loc":{"start":{"line":35,"column":44},"end":{"line":35,"column":61}},"line":35},"9":{"name":"(anonymous_9)","decl":{"start":{"line":46,"column":10},"end":{"line":46,"column":11}},"loc":{"start":{"line":46,"column":18},"end":{"line":48,"column":5}},"line":46},"10":{"name":"(anonymous_10)","decl":{"start":{"line":49,"column":11},"end":{"line":49,"column":12}},"loc":{"start":{"line":49,"column":20},"end":{"line":51,"column":5}},"line":49}},"branchMap":{"0":{"loc":{"start":{"line":7,"column":4},"end":{"line":25,"column":5}},"type":"if","locations":[{"start":{"line":7,"column":4},"end":{"line":25,"column":5}},{"start":{"line":7,"column":4},"end":{"line":25,"column":5}}],"line":7}},"s":{"0":1,"1":1,"2":1,"3":1,"4":6,"5":6,"6":6,"7":5,"8":1,"9":0,"10":0,"11":0,"12":1,"13":0,"14":0,"15":0,"16":0,"17":0,"18":0,"19":0,"20":1,"21":1,"22":1,"23":0,"24":1,"25":1},"f":{"0":6,"1":6,"2":5,"3":1,"4":0,"5":0,"6":0,"7":0,"8":0,"9":0,"10":1},"b":{"0":[6,0]},"_coverageSchema":"43e27e138ebf9cfc5966b082cf9a028302ed4184","hash":"1fd0d3b2d53d2b20852a2d70a6d147aa90c7f23d"}
,"/Users/dahamp/Documents/private/projects/node-libraries/ssm-get-jsonified-repo/ssm-get-jsonified/src/ssmReader.js": {"path":"/Users/dahamp/Documents/private/projects/node-libraries/ssm-get-jsonified-repo/ssm-get-jsonified/src/ssmReader.js","statementMap":{"0":{"start":{"line":1,"column":12},"end":{"line":1,"column":30}},"1":{"start":{"line":3,"column":24},"end":{"line":22,"column":1}},"2":{"start":{"line":5,"column":4},"end":{"line":5,"column":42}},"3":{"start":{"line":6,"column":16},"end":{"line":6,"column":29}},"4":{"start":{"line":8,"column":19},"end":{"line":8,"column":78}},"5":{"start":{"line":10,"column":39},"end":{"line":10,"column":80}},"6":{"start":{"line":12,"column":4},"end":{"line":20,"column":6}},"7":{"start":{"line":13,"column":8},"end":{"line":19,"column":15}},"8":{"start":{"line":15,"column":16},"end":{"line":15,"column":50}},"9":{"start":{"line":18,"column":16},"end":{"line":18,"column":35}},"10":{"start":{"line":24,"column":29},"end":{"line":35,"column":1}},"11":{"start":{"line":26,"column":4},"end":{"line":26,"column":42}},"12":{"start":{"line":27,"column":16},"end":{"line":27,"column":29}},"13":{"start":{"line":29,"column":19},"end":{"line":29,"column":78}},"14":{"start":{"line":31,"column":4},"end":{"line":34,"column":7}},"15":{"start":{"line":32,"column":8},"end":{"line":32,"column":42}},"16":{"start":{"line":32,"column":17},"end":{"line":32,"column":42}},"17":{"start":{"line":33,"column":8},"end":{"line":33,"column":48}},"18":{"start":{"line":38,"column":0},"end":{"line":41,"column":2}}},"fnMap":{"0":{"name":"(anonymous_0)","decl":{"start":{"line":3,"column":24},"end":{"line":3,"column":25}},"loc":{"start":{"line":3,"column":48},"end":{"line":22,"column":1}},"line":3},"1":{"name":"(anonymous_1)","decl":{"start":{"line":12,"column":23},"end":{"line":12,"column":24}},"loc":{"start":{"line":12,"column":44},"end":{"line":20,"column":5}},"line":12},"2":{"name":"(anonymous_2)","decl":{"start":{"line":14,"column":18},"end":{"line":14,"column":19}},"loc":{"start":{"line":14,"column":46},"end":{"line":16,"column":13}},"line":14},"3":{"name":"(anonymous_3)","decl":{"start":{"line":17,"column":19},"end":{"line":17,"column":20}},"loc":{"start":{"line":17,"column":33},"end":{"line":19,"column":13}},"line":17},"4":{"name":"(anonymous_4)","decl":{"start":{"line":24,"column":29},"end":{"line":24,"column":30}},"loc":{"start":{"line":24,"column":63},"end":{"line":35,"column":1}},"line":24},"5":{"name":"(anonymous_5)","decl":{"start":{"line":31,"column":36},"end":{"line":31,"column":37}},"loc":{"start":{"line":31,"column":64},"end":{"line":34,"column":5}},"line":31}},"branchMap":{"0":{"loc":{"start":{"line":32,"column":8},"end":{"line":32,"column":42}},"type":"if","locations":[{"start":{"line":32,"column":8},"end":{"line":32,"column":42}},{"start":{"line":32,"column":8},"end":{"line":32,"column":42}}],"line":32}},"s":{"0":2,"1":2,"2":7,"3":7,"4":7,"5":7,"6":7,"7":7,"8":6,"9":1,"10":2,"11":0,"12":0,"13":0,"14":0,"15":0,"16":0,"17":0,"18":2},"f":{"0":7,"1":7,"2":6,"3":1,"4":0,"5":0},"b":{"0":[0,0]},"_coverageSchema":"43e27e138ebf9cfc5966b082cf9a028302ed4184","hash":"9e77fbad343899dbe04c9cbdb34d87e6422cd70e"}
,"/Users/dahamp/Documents/private/projects/node-libraries/ssm-get-jsonified-repo/ssm-get-jsonified/src/utils/jsonifier.js": {"path":"/Users/dahamp/Documents/private/projects/node-libraries/ssm-get-jsonified-repo/ssm-get-jsonified/src/utils/jsonifier.js","statementMap":{"0":{"start":{"line":1,"column":16},"end":{"line":1,"column":18}},"1":{"start":{"line":4,"column":26},"end":{"line":15,"column":1}},"2":{"start":{"line":5,"column":22},"end":{"line":5,"column":88}},"3":{"start":{"line":7,"column":4},"end":{"line":12,"column":7}},"4":{"start":{"line":8,"column":8},"end":{"line":8,"column":24}},"5":{"start":{"line":9,"column":25},"end":{"line":9,"column":46}},"6":{"start":{"line":10,"column":8},"end":{"line":10,"column":38}},"7":{"start":{"line":11,"column":8},"end":{"line":11,"column":45}},"8":{"start":{"line":14,"column":4},"end":{"line":14,"column":21}},"9":{"start":{"line":17,"column":22},"end":{"line":30,"column":1}},"10":{"start":{"line":18,"column":18},"end":{"line":18,"column":34}},"11":{"start":{"line":20,"column":4},"end":{"line":29,"column":5}},"12":{"start":{"line":21,"column":8},"end":{"line":21,"column":29}},"13":{"start":{"line":22,"column":8},"end":{"line":22,"column":15}},"14":{"start":{"line":24,"column":8},"end":{"line":26,"column":9}},"15":{"start":{"line":25,"column":12},"end":{"line":25,"column":29}},"16":{"start":{"line":27,"column":8},"end":{"line":27,"column":27}},"17":{"start":{"line":28,"column":8},"end":{"line":28,"column":46}},"18":{"start":{"line":32,"column":0},"end":{"line":32,"column":58}}},"fnMap":{"0":{"name":"(anonymous_0)","decl":{"start":{"line":4,"column":26},"end":{"line":4,"column":27}},"loc":{"start":{"line":4,"column":61},"end":{"line":15,"column":1}},"line":4},"1":{"name":"(anonymous_1)","decl":{"start":{"line":7,"column":41},"end":{"line":7,"column":42}},"loc":{"start":{"line":7,"column":52},"end":{"line":12,"column":5}},"line":7},"2":{"name":"(anonymous_2)","decl":{"start":{"line":17,"column":22},"end":{"line":17,"column":23}},"loc":{"start":{"line":17,"column":43},"end":{"line":30,"column":1}},"line":17}},"branchMap":{"0":{"loc":{"start":{"line":5,"column":22},"end":{"line":5,"column":88}},"type":"cond-expr","locations":[{"start":{"line":5,"column":56},"end":{"line":5,"column":57}},{"start":{"line":5,"column":60},"end":{"line":5,"column":88}}],"line":5},"1":{"loc":{"start":{"line":20,"column":4},"end":{"line":29,"column":5}},"type":"if","locations":[{"start":{"line":20,"column":4},"end":{"line":29,"column":5}},{"start":{"line":20,"column":4},"end":{"line":29,"column":5}}],"line":20},"2":{"loc":{"start":{"line":24,"column":8},"end":{"line":26,"column":9}},"type":"if","locations":[{"start":{"line":24,"column":8},"end":{"line":26,"column":9}},{"start":{"line":24,"column":8},"end":{"line":26,"column":9}}],"line":24}},"s":{"0":1,"1":1,"2":5,"3":5,"4":30,"5":30,"6":30,"7":30,"8":5,"9":1,"10":114,"11":114,"12":30,"13":30,"14":84,"15":21,"16":84,"17":84,"18":1},"f":{"0":5,"1":30,"2":114},"b":{"0":[1,4],"1":[30,84],"2":[21,63]},"_coverageSchema":"43e27e138ebf9cfc5966b082cf9a028302ed4184","hash":"3cb0aeb8ecf88ad97cbda3d22d410b148eec23f8"}
,"/Users/dahamp/Documents/private/projects/node-libraries/ssm-get-jsonified-repo/ssm-get-jsonified/test/testConstants.js": {"path":"/Users/dahamp/Documents/private/projects/node-libraries/ssm-get-jsonified-repo/ssm-get-jsonified/test/testConstants.js","statementMap":{"0":{"start":{"line":1,"column":31},"end":{"line":43,"column":1}},"1":{"start":{"line":45,"column":37},"end":{"line":87,"column":1}},"2":{"start":{"line":89,"column":35},"end":{"line":131,"column":1}},"3":{"start":{"line":133,"column":0},"end":{"line":133,"column":60}},"4":{"start":{"line":134,"column":0},"end":{"line":134,"column":72}},"5":{"start":{"line":135,"column":0},"end":{"line":135,"column":68}}},"fnMap":{},"branchMap":{},"s":{"0":1,"1":1,"2":1,"3":1,"4":1,"5":1},"f":{},"b":{},"_coverageSchema":"43e27e138ebf9cfc5966b082cf9a028302ed4184","hash":"a3afb73ed274529680aaca6abebaa1a1286f609a"}
}
