TN:
SF:/Users/dahamp/Documents/private/projects/node-libraries/ssm-get-jsonified-repo/ssm-get-jsonified/src/index.js
FN:5,(anonymous_0)
FN:8,(anonymous_1)
FN:10,(anonymous_2)
FN:13,(anonymous_3)
FN:19,(anonymous_4)
FN:22,(anonymous_5)
FN:28,(anonymous_6)
FN:31,cb
FN:35,(anonymous_8)
FN:46,(anonymous_9)
FN:49,(anonymous_10)
FNF:11
FNH:5
FNDA:6,(anonymous_0)
FNDA:6,(anonymous_1)
FNDA:5,(anonymous_2)
FNDA:1,(anonymous_3)
FNDA:0,(anonymous_4)
FNDA:0,(anonymous_5)
FNDA:0,(anonymous_6)
FNDA:0,cb
FNDA:0,(anonymous_8)
FNDA:0,(anonymous_9)
FNDA:1,(anonymous_10)
DA:1,1
DA:2,1
DA:3,1
DA:5,1
DA:7,6
DA:8,6
DA:9,6
DA:11,5
DA:14,1
DA:18,0
DA:20,0
DA:23,0
DA:28,1
DA:29,0
DA:31,0
DA:32,0
DA:33,0
DA:35,0
DA:36,0
DA:39,1
DA:44,1
DA:45,1
DA:47,0
DA:50,1
DA:61,1
LF:25
LH:15
BRDA:7,0,0,6
BRDA:7,0,1,0
BRF:2
BRH:1
end_of_record
TN:
SF:/Users/dahamp/Documents/private/projects/node-libraries/ssm-get-jsonified-repo/ssm-get-jsonified/src/ssmReader.js
FN:3,(anonymous_0)
FN:12,(anonymous_1)
FN:14,(anonymous_2)
FN:17,(anonymous_3)
FN:24,(anonymous_4)
FN:31,(anonymous_5)
FNF:6
FNH:4
FNDA:7,(anonymous_0)
FNDA:7,(anonymous_1)
FNDA:6,(anonymous_2)
FNDA:1,(anonymous_3)
FNDA:0,(anonymous_4)
FNDA:0,(anonymous_5)
DA:1,2
DA:3,2
DA:5,7
DA:6,7
DA:8,7
DA:10,7
DA:12,7
DA:13,7
DA:15,6
DA:18,1
DA:24,2
DA:26,0
DA:27,0
DA:29,0
DA:31,0
DA:32,0
DA:33,0
DA:38,2
LF:18
LH:12
BRDA:32,0,0,0
BRDA:32,0,1,0
BRF:2
BRH:0
end_of_record
TN:
SF:/Users/dahamp/Documents/private/projects/node-libraries/ssm-get-jsonified-repo/ssm-get-jsonified/src/utils/jsonifier.js
FN:4,(anonymous_0)
FN:7,(anonymous_1)
FN:17,(anonymous_2)
FNF:3
FNH:3
FNDA:5,(anonymous_0)
FNDA:30,(anonymous_1)
FNDA:114,(anonymous_2)
DA:1,1
DA:4,1
DA:5,5
DA:7,5
DA:8,30
DA:9,30
DA:10,30
DA:11,30
DA:14,5
DA:17,1
DA:18,114
DA:20,114
DA:21,30
DA:22,30
DA:24,84
DA:25,21
DA:27,84
DA:28,84
DA:32,1
LF:19
LH:19
BRDA:5,0,0,1
BRDA:5,0,1,4
BRDA:20,1,0,30
BRDA:20,1,1,84
BRDA:24,2,0,21
BRDA:24,2,1,63
BRF:6
BRH:6
end_of_record
TN:
SF:/Users/dahamp/Documents/private/projects/node-libraries/ssm-get-jsonified-repo/ssm-get-jsonified/test/testConstants.js
FNF:0
FNH:0
DA:1,1
DA:45,1
DA:89,1
DA:133,1
DA:134,1
DA:135,1
LF:6
LH:6
BRF:0
BRH:0
end_of_record
