TN:
SF:/Users/dahamp/Documents/private/projects/node-libraries/ssm-get-jsonified-repo/ssm-get-jsonified/src/index.js
FN:4,(anonymous_0)
FN:7,(anonymous_1)
FN:9,(anonymous_2)
FN:12,(anonymous_3)
FN:19,(anonymous_4)
FN:22,(anonymous_5)
FN:25,(anonymous_6)
FN:28,cb
FN:32,(anonymous_8)
FNF:9
FNH:3
FNDA:4,(anonymous_0)
FNDA:4,(anonymous_1)
FNDA:4,(anonymous_2)
FNDA:0,(anonymous_3)
FNDA:0,(anonymous_4)
FNDA:0,(anonymous_5)
FNDA:0,(anonymous_6)
FNDA:0,cb
FNDA:0,(anonymous_8)
DA:1,1
DA:2,1
DA:4,1
DA:6,4
DA:7,4
DA:8,4
DA:10,4
DA:13,0
DA:18,0
DA:20,0
DA:22,0
DA:25,1
DA:26,0
DA:28,0
DA:29,0
DA:30,0
DA:32,0
DA:33,0
DA:36,1
LF:19
LH:9
BRDA:6,0,0,4
BRDA:6,0,1,0
BRF:2
BRH:1
end_of_record
TN:
SF:/Users/dahamp/Documents/private/projects/node-libraries/ssm-get-jsonified-repo/ssm-get-jsonified/src/ssmReader.js
FN:3,(anonymous_0)
FN:12,(anonymous_1)
FN:19,(anonymous_2)
FN:26,(anonymous_3)
FNF:4
FNH:2
FNDA:5,(anonymous_0)
FNDA:5,(anonymous_1)
FNDA:0,(anonymous_2)
FNDA:0,(anonymous_3)
DA:1,2
DA:3,2
DA:5,5
DA:6,5
DA:8,5
DA:10,5
DA:12,5
DA:13,5
DA:19,2
DA:21,0
DA:22,0
DA:24,0
DA:26,0
DA:27,0
DA:28,0
DA:33,2
LF:16
LH:10
BRDA:27,0,0,0
BRDA:27,0,1,0
BRF:2
BRH:0
end_of_record
TN:
SF:/Users/dahamp/Documents/private/projects/node-libraries/ssm-get-jsonified-repo/ssm-get-jsonified/src/utils/jsonifier.js
FN:4,(anonymous_0)
FN:18,(anonymous_1)
FN:21,(anonymous_2)
FNF:3
FNH:3
FNDA:79,(anonymous_0)
FNDA:4,(anonymous_1)
FNDA:20,(anonymous_2)
DA:1,1
DA:4,1
DA:5,79
DA:7,79
DA:8,20
DA:9,20
DA:11,59
DA:12,15
DA:14,59
DA:15,59
DA:18,1
DA:19,4
DA:21,4
DA:22,20
DA:23,20
DA:24,20
DA:25,20
DA:28,4
DA:32,1
LF:19
LH:19
BRDA:7,0,0,20
BRDA:7,0,1,59
BRDA:11,1,0,15
BRDA:11,1,1,44
BRDA:19,2,0,1
BRDA:19,2,1,3
BRF:6
BRH:6
end_of_record
TN:
SF:/Users/dahamp/Documents/private/projects/node-libraries/ssm-get-jsonified-repo/ssm-get-jsonified/test/testConstants.js
FNF:0
FNH:0
DA:1,2
DA:45,2
DA:89,2
DA:133,2
DA:134,2
DA:135,2
LF:6
LH:6
BRF:0
BRH:0
end_of_record
